Build started 15.02.2014 9:53:15.
     1>Project "D:\BSU\3\6\Common32\Prj\BaseBool.vcxproj" on node 2 (Rebuild target(s)).
     1>ClCompile:
         D:\programs\VS\VC\bin\x86_amd64\CL.exe /c /I. /Zi /nologo /W3 /WX- /Od /D WIN32 /D _DEBUG /D _WINDOWS /D _MSVC9 /D _VC80_UPGRADE=0x0600 /D _AFXDLL /Gm- /EHsc /RTC1 /MDd /GS /fp:precise /Zc:wchar_t /Zc:forScope /Fo".\../../bin/Debug/BaseBool/" /Fd".\../../bin/Debug/BaseBool/vc110.pdb" /Gd /TP /errorReport:prompt ..\Common\Bm.cpp ..\Common\Bv.cpp
         Bm.cpp
         _WIN32_WINNT not defined. Defaulting to _WIN32_WINNT_MAXVER (see WinSDKVer.h)
     1>d:\bsu\3\6\common32\common\../Common/BaseBool.h(612): warning C4267: 'return' : conversion from 'size_t' to 'int', possible loss of data
     1>..\Common\Bm.cpp(1857): warning C4244: 'argument' : conversion from 'INT_PTR' to 'int', possible loss of data
     1>..\Common\Bm.cpp(1858): warning C4244: 'argument' : conversion from 'INT_PTR' to 'int', possible loss of data
     1>..\Common\Bm.cpp(1877): warning C4267: '=' : conversion from 'size_t' to 'int', possible loss of data
     1>..\Common\Bm.cpp(1887): warning C4267: '=' : conversion from 'size_t' to 'int', possible loss of data
     1>..\Common\Bm.cpp(1902): warning C4267: '=' : conversion from 'size_t' to 'int', possible loss of data
     1>..\Common\Bm.cpp(1905): warning C4267: 'argument' : conversion from 'size_t' to 'int', possible loss of data
     1>..\Common\Bm.cpp(1906): warning C4267: 'argument' : conversion from 'size_t' to 'int', possible loss of data
     1>..\Common\Bm.cpp(1908): warning C4267: '=' : conversion from 'size_t' to 'int', possible loss of data
     1>..\Common\Bm.cpp(1948): warning C4267: '=' : conversion from 'size_t' to 'int', possible loss of data
         Bv.cpp
         _WIN32_WINNT not defined. Defaulting to _WIN32_WINNT_MAXVER (see WinSDKVer.h)
     1>d:\bsu\3\6\common32\common\../Common/BaseBool.h(612): warning C4267: 'return' : conversion from 'size_t' to 'int', possible loss of data
     1>..\Common\Bv.cpp(114): warning C4293: '<<' : shift count negative or too big, undefined behavior
     1>..\Common\Bv.cpp(114): warning C4293: '>>' : shift count negative or too big, undefined behavior
     1>..\Common\Bv.cpp(127): warning C4293: '<<' : shift count negative or too big, undefined behavior
     1>..\Common\Bv.cpp(127): warning C4293: '>>' : shift count negative or too big, undefined behavior
         Generating Code...
     1>C:\Program Files (x86)\MSBuild\Microsoft.Cpp\v4.0\V110\Microsoft.CppBuild.targets(1299,5): warning MSB8012: TargetPath(D:\BSU\3\6\Common32\Prj\x64\Debug\BaseBool.lib) does not match the Library's OutputFile property value (D:\BSU\3\6\bin\Debug\BaseBool\BaseBool.lib). This may cause your project to build incorrectly. To correct this, please make sure that $(OutDir), $(TargetName) and $(TargetExt) property values match the value specified in %(Lib.OutputFile).
       Lib:
         D:\programs\VS\VC\bin\x86_amd64\Lib.exe /OUT:".\../../bin/Debug/BaseBool\BaseBool.lib" /NOLOGO /MACHINE:X64 .\../../bin/Debug/BaseBool/Bm.obj
         .\../../bin/Debug/BaseBool/Bv.obj
         BaseBool.vcxproj -> D:\BSU\3\6\Common32\Prj\x64\Debug\BaseBool.lib
     1>Done Building Project "D:\BSU\3\6\Common32\Prj\BaseBool.vcxproj" (Rebuild target(s)).

Build succeeded.

Time Elapsed 00:00:07.53
