Build started 15.02.2014 9:43:25.
     1>Project "D:\BSU\3\6\old\Prj\BaseTern.vcxproj" on node 3 (Build target(s)).
     1>ClCompile:
         D:\programs\VS\VC\bin\x86_amd64\CL.exe /c /I. /Zi /nologo /W3 /WX- /Od /D WIN32 /D _DEBUG /D _WINDOWS /D _MSVC9 /D _VC80_UPGRADE=0x0600 /D _AFXDLL /Gm- /EHsc /RTC1 /MDd /GS /fp:precise /Zc:wchar_t /Zc:forScope /Fo".\../../bin/Debug/BaseTern/" /Fd".\../../bin/Debug/BaseTern/vc110.pdb" /Gd /TP /errorReport:prompt ..\Common\Tm.cpp ..\Common\Tm_Degen.cpp ..\Common\Tm_Equiv.cpp ..\Common\Tm_Invers.cpp ..\Common\Tv.cpp
         Tm.cpp
         _WIN32_WINNT not defined. Defaulting to _WIN32_WINNT_MAXVER (see WinSDKVer.h)
     1>d:\bsu\3\6\old\common\../Common/BaseBool.h(612): warning C4267: 'return' : conversion from 'size_t' to 'int', possible loss of data
     1>d:\bsu\3\6\old\common\../Common/BaseTern.h(632): warning C4267: 'argument' : conversion from 'size_t' to 'int', possible loss of data
     1>..\Common\Tm.cpp(55): warning C4005: 'SIZE_T_MAX' : macro redefinition
                 C:\Program Files (x86)\Windows Kits\8.0\Include\shared\intsafe.h(208) : see previous definition of 'SIZE_T_MAX'
     1>..\Common\Tm.cpp(3345): warning C4244: 'argument' : conversion from 'INT_PTR' to 'int', possible loss of data
     1>..\Common\Tm.cpp(3346): warning C4244: 'argument' : conversion from 'INT_PTR' to 'int', possible loss of data
     1>..\Common\Tm.cpp(3362): warning C4267: '=' : conversion from 'size_t' to 'int', possible loss of data
         Tm_Degen.cpp
         _WIN32_WINNT not defined. Defaulting to _WIN32_WINNT_MAXVER (see WinSDKVer.h)
     1>d:\bsu\3\6\old\common\../Common/BaseBool.h(612): warning C4267: 'return' : conversion from 'size_t' to 'int', possible loss of data
     1>d:\bsu\3\6\old\common\../Common/BaseTern.h(632): warning C4267: 'argument' : conversion from 'size_t' to 'int', possible loss of data
         Tm_Equiv.cpp
         _WIN32_WINNT not defined. Defaulting to _WIN32_WINNT_MAXVER (see WinSDKVer.h)
     1>d:\bsu\3\6\old\common\../Common/BaseBool.h(612): warning C4267: 'return' : conversion from 'size_t' to 'int', possible loss of data
     1>d:\bsu\3\6\old\common\../Common/BaseTern.h(632): warning C4267: 'argument' : conversion from 'size_t' to 'int', possible loss of data
         Tm_Invers.cpp
         _WIN32_WINNT not defined. Defaulting to _WIN32_WINNT_MAXVER (see WinSDKVer.h)
     1>d:\bsu\3\6\old\common\../Common/BaseBool.h(612): warning C4267: 'return' : conversion from 'size_t' to 'int', possible loss of data
     1>d:\bsu\3\6\old\common\../Common/BaseTern.h(632): warning C4267: 'argument' : conversion from 'size_t' to 'int', possible loss of data
         Tv.cpp
         _WIN32_WINNT not defined. Defaulting to _WIN32_WINNT_MAXVER (see WinSDKVer.h)
     1>d:\bsu\3\6\old\common\../Common/BaseBool.h(612): warning C4267: 'return' : conversion from 'size_t' to 'int', possible loss of data
     1>d:\bsu\3\6\old\common\../Common/BaseTern.h(632): warning C4267: 'argument' : conversion from 'size_t' to 'int', possible loss of data
     1>..\Common\Tv.cpp(182): warning C4267: '=' : conversion from 'size_t' to 'int', possible loss of data
         Generating Code...
     1>C:\Program Files (x86)\MSBuild\Microsoft.Cpp\v4.0\V110\Microsoft.CppBuild.targets(1299,5): warning MSB8012: TargetPath(D:\BSU\3\6\old\Prj\x64\Debug\BaseTern.lib) does not match the Library's OutputFile property value (D:\BSU\3\6\bin\Debug\BaseTern\BaseTern.lib). This may cause your project to build incorrectly. To correct this, please make sure that $(OutDir), $(TargetName) and $(TargetExt) property values match the value specified in %(Lib.OutputFile).
       Lib:
         D:\programs\VS\VC\bin\x86_amd64\Lib.exe /OUT:".\../../bin/Debug/BaseTern\BaseTern.lib" /NOLOGO /MACHINE:X64 .\../../bin/Debug/BaseTern/Tm.obj
         .\../../bin/Debug/BaseTern/Tm_Degen.obj
         .\../../bin/Debug/BaseTern/Tm_Equiv.obj
         .\../../bin/Debug/BaseTern/Tm_Invers.obj
         .\../../bin/Debug/BaseTern/Tv.obj
         BaseTern.vcxproj -> D:\BSU\3\6\old\Prj\x64\Debug\BaseTern.lib
     1>Done Building Project "D:\BSU\3\6\old\Prj\BaseTern.vcxproj" (Build target(s)).

Build succeeded.

Time Elapsed 00:00:16.34
