Build started 12.02.2014 13:26:37.
     1>Project "D:\Work\Учебная практика\SRC\Prj\Prj\BaseTern.vcxproj" on node 3 (Rebuild target(s)).
     1>ClCompile:
         C:\Program Files (x86)\Microsoft Visual Studio 11.0\VC\bin\AMD64\CL.exe /c /I. /Zi /nologo /W3 /WX- /Od /D WIN32 /D _DEBUG /D _WINDOWS /D _MSVC9 /D _VC80_UPGRADE=0x0600 /D _AFXDLL /Gm- /EHsc /RTC1 /MDd /GS /fp:precise /Zc:wchar_t /Zc:forScope /Fo".\../../bin/Debug/BaseTern/" /Fd".\../../bin/Debug/BaseTern/vc110.pdb" /Gd /TP /errorReport:prompt ..\Common\Tm.cpp ..\Common\Tm_Degen.cpp ..\Common\Tm_Equiv.cpp ..\Common\Tm_Invers.cpp ..\Common\Tv.cpp
         Tm.cpp
         _WIN32_WINNT not defined. Defaulting to _WIN32_WINNT_MAXVER (see WinSDKVer.h)
     1>d:\work\учебная практика\src\prj\common\../Common/BaseBool.h(616): warning C4267: 'return' : conversion from 'size_t' to 'int', possible loss of data
     1>d:\work\учебная практика\src\prj\common\../Common/BaseTern.h(627): warning C4267: 'argument' : conversion from 'size_t' to 'int', possible loss of data
     1>d:\work\учебная практика\src\prj\common\../Common/BaseTern.h(632): warning C4267: 'argument' : conversion from 'size_t' to 'int', possible loss of data
     1>..\Common\Tm.cpp(55): warning C4005: 'SIZE_T_MAX' : macro redefinition
                 C:\Program Files (x86)\Windows Kits\8.0\Include\shared\intsafe.h(208) : see previous definition of 'SIZE_T_MAX'
     1>..\Common\Tm.cpp(861): warning C4244: '=' : conversion from 'ptrdiff_t' to 'int', possible loss of data
     1>..\Common\Tm.cpp(880): warning C4244: '=' : conversion from 'ptrdiff_t' to 'int', possible loss of data
     1>..\Common\Tm.cpp(882): warning C4244: '=' : conversion from 'ptrdiff_t' to 'int', possible loss of data
     1>..\Common\Tm.cpp(3345): warning C4244: 'argument' : conversion from 'INT_PTR' to 'int', possible loss of data
     1>..\Common\Tm.cpp(3346): warning C4244: 'argument' : conversion from 'INT_PTR' to 'int', possible loss of data
     1>..\Common\Tm.cpp(3362): warning C4267: '=' : conversion from 'size_t' to 'int', possible loss of data
         Tm_Degen.cpp
         _WIN32_WINNT not defined. Defaulting to _WIN32_WINNT_MAXVER (see WinSDKVer.h)
     1>d:\work\учебная практика\src\prj\common\../Common/BaseBool.h(616): warning C4267: 'return' : conversion from 'size_t' to 'int', possible loss of data
     1>d:\work\учебная практика\src\prj\common\../Common/BaseTern.h(627): warning C4267: 'argument' : conversion from 'size_t' to 'int', possible loss of data
     1>d:\work\учебная практика\src\prj\common\../Common/BaseTern.h(632): warning C4267: 'argument' : conversion from 'size_t' to 'int', possible loss of data
     1>..\Common\Tm_Degen.cpp(70): warning C4244: '=' : conversion from 'ptrdiff_t' to 'int', possible loss of data
     1>..\Common\Tm_Degen.cpp(107): warning C4244: '=' : conversion from 'ptrdiff_t' to 'int', possible loss of data
     1>..\Common\Tm_Degen.cpp(131): warning C4244: '=' : conversion from 'ptrdiff_t' to 'int', possible loss of data
     1>..\Common\Tm_Degen.cpp(178): warning C4267: 'initializing' : conversion from 'size_t' to 'int', possible loss of data
     1>..\Common\Tm_Degen.cpp(179): warning C4244: '=' : conversion from 'ptrdiff_t' to 'int', possible loss of data
         Tm_Equiv.cpp
         _WIN32_WINNT not defined. Defaulting to _WIN32_WINNT_MAXVER (see WinSDKVer.h)
     1>d:\work\учебная практика\src\prj\common\../Common/BaseBool.h(616): warning C4267: 'return' : conversion from 'size_t' to 'int', possible loss of data
     1>d:\work\учебная практика\src\prj\common\../Common/BaseTern.h(627): warning C4267: 'argument' : conversion from 'size_t' to 'int', possible loss of data
     1>d:\work\учебная практика\src\prj\common\../Common/BaseTern.h(632): warning C4267: 'argument' : conversion from 'size_t' to 'int', possible loss of data
     1>..\Common\Tm_Equiv.cpp(61): warning C4244: '=' : conversion from 'ptrdiff_t' to 'int', possible loss of data
     1>..\Common\Tm_Equiv.cpp(74): warning C4244: '=' : conversion from 'ptrdiff_t' to 'int', possible loss of data
     1>..\Common\Tm_Equiv.cpp(81): warning C4244: '=' : conversion from 'ptrdiff_t' to 'int', possible loss of data
     1>..\Common\Tm_Equiv.cpp(129): warning C4244: '=' : conversion from 'ptrdiff_t' to 'int', possible loss of data
     1>..\Common\Tm_Equiv.cpp(176): warning C4244: '=' : conversion from 'ptrdiff_t' to 'int', possible loss of data
         Tm_Invers.cpp
         _WIN32_WINNT not defined. Defaulting to _WIN32_WINNT_MAXVER (see WinSDKVer.h)
     1>d:\work\учебная практика\src\prj\common\../Common/BaseBool.h(616): warning C4267: 'return' : conversion from 'size_t' to 'int', possible loss of data
     1>d:\work\учебная практика\src\prj\common\../Common/BaseTern.h(627): warning C4267: 'argument' : conversion from 'size_t' to 'int', possible loss of data
     1>d:\work\учебная практика\src\prj\common\../Common/BaseTern.h(632): warning C4267: 'argument' : conversion from 'size_t' to 'int', possible loss of data
     1>..\Common\Tm_Invers.cpp(77): warning C4244: '=' : conversion from 'ptrdiff_t' to 'int', possible loss of data
     1>..\Common\Tm_Invers.cpp(104): warning C4244: '=' : conversion from 'ptrdiff_t' to 'int', possible loss of data
     1>..\Common\Tm_Invers.cpp(116): warning C4244: '=' : conversion from 'ptrdiff_t' to 'int', possible loss of data
     1>..\Common\Tm_Invers.cpp(133): warning C4244: '=' : conversion from 'ptrdiff_t' to 'int', possible loss of data
     1>..\Common\Tm_Invers.cpp(147): warning C4244: '=' : conversion from 'ptrdiff_t' to 'int', possible loss of data
     1>..\Common\Tm_Invers.cpp(186): warning C4244: '=' : conversion from 'ptrdiff_t' to 'int', possible loss of data
     1>..\Common\Tm_Invers.cpp(207): warning C4244: '=' : conversion from 'ptrdiff_t' to 'int', possible loss of data
     1>..\Common\Tm_Invers.cpp(214): warning C4244: '=' : conversion from 'ptrdiff_t' to 'int', possible loss of data
     1>..\Common\Tm_Invers.cpp(254): warning C4244: '=' : conversion from 'ptrdiff_t' to 'int', possible loss of data
     1>..\Common\Tm_Invers.cpp(257): warning C4244: '=' : conversion from 'ptrdiff_t' to 'int', possible loss of data
         Tv.cpp
         _WIN32_WINNT not defined. Defaulting to _WIN32_WINNT_MAXVER (see WinSDKVer.h)
     1>d:\work\учебная практика\src\prj\common\../Common/BaseBool.h(616): warning C4267: 'return' : conversion from 'size_t' to 'int', possible loss of data
     1>d:\work\учебная практика\src\prj\common\../Common/BaseTern.h(627): warning C4267: 'argument' : conversion from 'size_t' to 'int', possible loss of data
     1>d:\work\учебная практика\src\prj\common\../Common/BaseTern.h(632): warning C4267: 'argument' : conversion from 'size_t' to 'int', possible loss of data
     1>..\Common\Tv.cpp(131): warning C4267: 'initializing' : conversion from 'size_t' to 'int', possible loss of data
     1>..\Common\Tv.cpp(138): warning C4267: '=' : conversion from 'size_t' to 'int', possible loss of data
     1>..\Common\Tv.cpp(182): warning C4267: '=' : conversion from 'size_t' to 'int', possible loss of data
     1>..\Common\Tv.cpp(302): warning C4267: 'initializing' : conversion from 'size_t' to 'int', possible loss of data
     1>..\Common\Tv.cpp(307): warning C4267: 'argument' : conversion from 'size_t' to 'int', possible loss of data
     1>..\Common\Tv.cpp(1090): warning C4267: 'argument' : conversion from 'size_t' to 'int', possible loss of data
     1>..\Common\Tv.cpp(1094): warning C4267: 'argument' : conversion from 'size_t' to 'int', possible loss of data
     1>..\Common\Tv.cpp(1102): warning C4267: 'argument' : conversion from 'size_t' to 'int', possible loss of data
     1>..\Common\Tv.cpp(1106): warning C4267: 'argument' : conversion from 'size_t' to 'int', possible loss of data
     1>..\Common\Tv.cpp(1309): warning C4244: '=' : conversion from 'ptrdiff_t' to 'int', possible loss of data
         Generating Code...
     1>C:\Program Files (x86)\MSBuild\Microsoft.Cpp\v4.0\V110\Microsoft.CppBuild.targets(1299,5): warning MSB8012: TargetPath(D:\Work\Учебная практика\SRC\Prj\Prj\x64\Debug\BaseTern.lib) does not match the Library's OutputFile property value (D:\Work\Учебная практика\SRC\bin\Debug\BaseTern\BaseTern.lib). This may cause your project to build incorrectly. To correct this, please make sure that $(OutDir), $(TargetName) and $(TargetExt) property values match the value specified in %(Lib.OutputFile).
       Lib:
         C:\Program Files (x86)\Microsoft Visual Studio 11.0\VC\bin\AMD64\Lib.exe /OUT:".\../../bin/Debug/BaseTern\BaseTern.lib" /NOLOGO /MACHINE:X64 .\../../bin/Debug/BaseTern/Tm.obj
         .\../../bin/Debug/BaseTern/Tm_Degen.obj
         .\../../bin/Debug/BaseTern/Tm_Equiv.obj
         .\../../bin/Debug/BaseTern/Tm_Invers.obj
         .\../../bin/Debug/BaseTern/Tv.obj
         BaseTern.vcxproj -> D:\Work\Учебная практика\SRC\Prj\Prj\x64\Debug\BaseTern.lib
     1>Done Building Project "D:\Work\Учебная практика\SRC\Prj\Prj\BaseTern.vcxproj" (Rebuild target(s)).

Build succeeded.

Time Elapsed 00:00:18.52
