D:\WORK\Учебная практика\SRC\BIN\DEBUG\BASEBOOL\BV.OBJ
D:\WORK\Учебная практика\SRC\BIN\DEBUG\BASEBOOL\BM.OBJ
D:\WORK\УЧЕБНАЯ ПРАКТИКА\SRC\BIN\DEBUG\BASEBOOL\VC110.PDB
D:\WORK\Учебная практика\SRC\BIN\DEBUG\BASETERN\TV.OBJ
D:\WORK\Учебная практика\SRC\BIN\DEBUG\BASETERN\TM_INVERS.OBJ
D:\WORK\Учебная практика\SRC\BIN\DEBUG\BASETERN\TM_EQUIV.OBJ
D:\WORK\Учебная практика\SRC\BIN\DEBUG\BASETERN\TM_DEGEN.OBJ
D:\WORK\Учебная практика\SRC\BIN\DEBUG\BASETERN\TM.OBJ
D:\WORK\УЧЕБНАЯ ПРАКТИКА\SRC\BIN\DEBUG\BASETERN\VC110.PDB
C:\USERS\ISACHENKOA\DOCUMENTS\GITHUB\CBV64\BIN\DEBUG\BASEBOOL\BV.OBJ
C:\USERS\ISACHENKOA\DOCUMENTS\GITHUB\CBV64\BIN\DEBUG\BASEBOOL\BM.OBJ
C:\USERS\ISACHENKOA\DOCUMENTS\GITHUB\CBV64\BIN\DEBUG\BASEBOOL\VC110.PDB
D:\WORK\Учебная практика\SRC\BIN\DEBUG\BASEBOOL\BASEBOOL.LIB
D:\WORK\Учебная практика\SRC\BIN\DEBUG\BASETERN\BASETERN.LIB
C:\USERS\ISACHENKOA\DOCUMENTS\GITHUB\CBV64\BIN\DEBUG\BASEBOOL\BASEBOOL.LIB
c:\Users\IsachenkoA\Documents\GitHub\CBV64\Prj\Prj\x64\Debug\cl.command.1.tlog
c:\Users\IsachenkoA\Documents\GitHub\CBV64\Prj\Prj\x64\Debug\CL.read.1.tlog
c:\Users\IsachenkoA\Documents\GitHub\CBV64\Prj\Prj\x64\Debug\CL.write.1.tlog
c:\Users\IsachenkoA\Documents\GitHub\CBV64\Prj\Prj\x64\Debug\Lib-link.read.1.tlog
c:\Users\IsachenkoA\Documents\GitHub\CBV64\Prj\Prj\x64\Debug\Lib-link.write.1.tlog
c:\Users\IsachenkoA\Documents\GitHub\CBV64\Prj\Prj\x64\Debug\lib.command.1.tlog
